GROUP,PACKAGE,CLASS,INSTRUCTION_MISSED,INSTRUCTION_COVERED,BRANCH_MISSED,BRANCH_COVERED,LINE_MISSED,LINE_COVERED,COMPLEXITY_MISSED,COMPLEXITY_COVERED,METHOD_MISSED,METHOD_COVERED
Model_Project,dao,FileSudokuBoardDao,7,36,0,0,4,9,2,3,2,3
Model_Project,dao,FileSudokuBoardDao.MyIoException,7,0,0,0,3,0,1,0,1,0
Model_Project,dao,SudokuBoardDaoFactory,0,5,0,0,0,1,0,1,0,1
Model_Project,sudoku,SudokuBoard,13,308,5,35,6,54,6,27,1,12
Model_Project,sudoku,SudokuField,2,63,1,5,1,18,1,11,0,9
Model_Project,sudoku,SudokuStructure,4,110,2,10,2,24,2,11,0,7
Model_Project,solver,BacktrackingSudokuSolver,0,222,0,38,0,46,0,29,0,10
Model_Project,solver,BacktrackingSudokuSolver.new ArrayList() {...},0,51,0,0,0,11,0,1,0,1
