GROUP,PACKAGE,CLASS,INSTRUCTION_MISSED,INSTRUCTION_COVERED,BRANCH_MISSED,BRANCH_COVERED,LINE_MISSED,LINE_COVERED,COMPLEXITY_MISSED,COMPLEXITY_COVERED,METHOD_MISSED,METHOD_COVERED
Sudoku_JK,default,SudokuStructure,30,68,7,9,9,16,6,6,1,3
Sudoku_JK,default,SudokuField,0,19,0,0,0,9,0,4,0,4
Sudoku_JK,default,SudokuBoard,110,209,13,31,22,40,13,19,3,7
Sudoku_JK,default,BacktrackingSudokuSolver.new ArrayList() {...},0,51,0,0,0,11,0,1,0,1
Sudoku_JK,default,BacktrackingSudokuSolver,0,218,0,38,0,45,0,28,0,9
