<?xml version="1.0" encoding="UTF-8"?>
<testsuite xmlns:xsi="http://www.w3.org/2001/XMLSchema-instance" xsi:noNamespaceSchemaLocation="https://maven.apache.org/surefire/maven-surefire-plugin/xsd/surefire-test-report-3.0.xsd" version="3.0" name="SudokuFieldTest" time="0.051" tests="11" errors="0" skipped="0" failures="0">
  <properties>
[...]
</properties>
  <testcase name="sudokuFieldCloneCorrect" classname="SudokuFieldTest" time="0.002"/>
  <testcase name="differentFieldsDifferentValuesEqualsFalseCheck" classname="SudokuFieldTest" time="0"/>
  <testcase name="sudokuFieldComparisonCorrect" classname="SudokuFieldTest" time="0.01"/>
  <testcase name="sameFieldSameHashCodeCheck" classname="SudokuFieldTest" time="0"/>
  <testcase name="toStringSudokuFieldCheck" classname="SudokuFieldTest" time="0.021"/>
  <testcase name="differentFieldsEqualsFalseCheck" classname="SudokuFieldTest" time="0"/>
  <testcase name="sameFieldEqualsTrueCheck" classname="SudokuFieldTest" time="0"/>
  <testcase name="differentFieldsSameValueEqualsTrueCheck" classname="SudokuFieldTest" time="0"/>
  <testcase name="SudokuFieldConstructorParameterizedValueCorrect" classname="SudokuFieldTest" time="0"/>
  <testcase name="SudokuFieldConstructorValueCorrect" classname="SudokuFieldTest" time="0.002"/>
  <testcase name="differentFieldsDifferentHashCodesCheck" classname="SudokuFieldTest" time="0"/>
</testsuite>