<?xml version="1.0" encoding="UTF-8"?>
<testsuite xmlns:xsi="http://www.w3.org/2001/XMLSchema-instance" xsi:noNamespaceSchemaLocation="https://maven.apache.org/surefire/maven-surefire-plugin/xsd/surefire-test-report-3.0.xsd" version="3.0" name="DatabaseDaoTest" time="13.481" tests="4" errors="0" skipped="0" failures="0">
  <properties>
[...]
</properties>
  <testcase name="nameAlreadyInDBThrowsExceptionCorrect" classname="DatabaseDaoTest" time="2.05"/>
  <testcase name="writeToDBChangeDifferentBoards" classname="DatabaseDaoTest" time="0.903"/>
  <testcase name="writeReadDBBoardSame" classname="DatabaseDaoTest" time="0.889"/>
  <testcase name="checkFindByNameDifferentNames" classname="DatabaseDaoTest" time="0.693"/>
</testsuite>